85	0.000000	R0402/R74_bgr.jpg
99	0.000000	R0402/R91_bgr.jpg
34	0.000000	R0402/R260_bgr.jpg
96	0.000000	R0402/R86_bgr.jpg
22	0.000000	R0402/R248_bgr.jpg
78	0.000000	R0402/R67_bgr.jpg
67	0.000000	R0402/R604_bgr.jpg
36	0.000000	R0402/R573_bgr.jpg
94	0.000000	R0402/R83_bgr.jpg
62	0.000000	R0402/R599_bgr.jpg
90	0.000000	R0402/R79_bgr.jpg
97	0.000000	R0402/R87_bgr.jpg
39	0.000000	R0402/R576_bgr.jpg
76	0.000000	R0402/R65_bgr.jpg
73	0.000000	R0402/R62_bgr.jpg
56	0.000000	R0402/R593_bgr.jpg
55	0.000000	R0402/R592_bgr.jpg
66	0.000000	R0402/R603_bgr.jpg
71	0.000000	R0402/R608_bgr.jpg
10	0.000000	R0402/R116_bgr.jpg
95	0.000000	R0402/R85_bgr.jpg
2	0.000000	R0402/R102_bgr.jpg
75	0.000000	R0402/R64_bgr.jpg
91	0.000000	R0402/R80_bgr.jpg
14	0.000000	R0402/R120_bgr.jpg
98	0.000000	R0402/R88_bgr.jpg
27	0.000000	R0402/R253_bgr.jpg
83	0.000000	R0402/R72_bgr.jpg
64	0.000000	R0402/R601_bgr.jpg
6	0.000000	R0402/R111_bgr.jpg
54	0.000000	R0402/R591_bgr.jpg
1	0.000000	R0402/R101_bgr.jpg
3	0.000000	R0402/R103_bgr.jpg
24	0.000000	R0402/R250_bgr.jpg
26	0.000000	R0402/R252_bgr.jpg
84	0.000000	R0402/R73_bgr.jpg
48	0.000000	R0402/R585_bgr.jpg
51	0.000000	R0402/R588_bgr.jpg
5	0.000000	R0402/R110_bgr.jpg
23	0.000000	R0402/R249_bgr.jpg
20	0.000000	R0402/R246_bgr.jpg
21	0.000000	R0402/R247_bgr.jpg
32	0.000000	R0402/R258_bgr.jpg
104	0.000000	R0402/R97_bgr.jpg
49	0.000000	R0402/R586_bgr.jpg
77	0.000000	R0402/R66_bgr.jpg
11	0.000000	R0402/R117_bgr.jpg
92	0.000000	R0402/R81_bgr.jpg
60	0.000000	R0402/R597_bgr.jpg
40	0.000000	R0402/R577_bgr.jpg
38	0.000000	R0402/R575_bgr.jpg
25	0.000000	R0402/R251_bgr.jpg
19	0.000000	R0402/R245_bgr.jpg
82	0.000000	R0402/R71_bgr.jpg
93	0.000000	R0402/R82_bgr.jpg
58	0.000000	R0402/R595_bgr.jpg
33	0.000000	R0402/R259_bgr.jpg
68	0.000000	R0402/R605_bgr.jpg
101	0.000000	R0402/R94_bgr.jpg
46	0.000000	R0402/R583_bgr.jpg
100	0.000000	R0402/R93_bgr.jpg
37	0.000000	R0402/R574_bgr.jpg
61	0.000000	R0402/R598_bgr.jpg
35	0.000000	R0402/R261_bgr.jpg
8	0.000000	R0402/R113_bgr.jpg
70	0.000000	R0402/R607_bgr.jpg
42	0.000000	R0402/R579_bgr.jpg
86	0.000000	R0402/R75_bgr.jpg
87	0.000000	R0402/R76_bgr.jpg
63	0.000000	R0402/R600_bgr.jpg
59	0.000000	R0402/R596_bgr.jpg
13	0.000000	R0402/R119_bgr.jpg
41	0.000000	R0402/R578_bgr.jpg
57	0.000000	R0402/R594_bgr.jpg
29	0.000000	R0402/R255_bgr.jpg
0	0.000000	R0402/R100_bgr.jpg
9	0.000000	R0402/R114_bgr.jpg
50	0.000000	R0402/R587_bgr.jpg
12	0.000000	R0402/R118_bgr.jpg
65	0.000000	R0402/R602_bgr.jpg
102	0.000000	R0402/R95_bgr.jpg
45	0.000000	R0402/R582_bgr.jpg
79	0.000000	R0402/R68_bgr.jpg
17	0.000000	R0402/R243_bgr.jpg
81	0.000000	R0402/R70_bgr.jpg
53	0.000000	R0402/R590_bgr.jpg
30	0.000000	R0402/R256_bgr.jpg
16	0.000000	R0402/R242_bgr.jpg
105	0.000000	R0402/R98_bgr.jpg
18	0.000000	R0402/R244_bgr.jpg
69	0.000000	R0402/R606_bgr.jpg
28	0.000000	R0402/R254_bgr.jpg
31	0.000000	R0402/R257_bgr.jpg
89	0.000000	R0402/R78_bgr.jpg
88	0.000000	R0402/R77_bgr.jpg
4	0.000000	R0402/R104_bgr.jpg
44	0.000000	R0402/R581_bgr.jpg
7	0.000000	R0402/R112_bgr.jpg
52	0.000000	R0402/R589_bgr.jpg
103	0.000000	R0402/R96_bgr.jpg
43	0.000000	R0402/R580_bgr.jpg
74	0.000000	R0402/R63_bgr.jpg
72	0.000000	R0402/R61_bgr.jpg
80	0.000000	R0402/R69_bgr.jpg
47	0.000000	R0402/R584_bgr.jpg
15	0.000000	R0402/R241_bgr.jpg
